<?xml version="1.0" encoding="UTF-8"?>
<!-- Generated by org.testng.reporters.JUnitReportReporter -->
<testsuite hostname="LTIN488147" failures="0" tests="6" name="testCase.TC_001_doctorsList" time="-1712396160.000" errors="1" timestamp="2024-04-06T15:07:01 IST" skipped="5">
  <testcase classname="testCase.TC_001_doctorsList" name="setup" time="-1712396160.000">
    <error message="
Parameter &#039;browser&#039; is required by BeforeClass on method setup but has not been marked @Optional or defined
in C:\Users\2318333\AppData\Local\Temp\testng-eclipse-2064660105\testng-customsuite.xml" type="org.testng.TestNGException">
      <![CDATA[org.testng.TestNGException: 
Parameter 'browser' is required by BeforeClass on method setup but has not been marked @Optional or defined
in C:\Users\2318333\AppData\Local\Temp\testng-eclipse-2064660105\testng-customsuite.xml
at org.testng.internal.Parameters.createParams(Parameters.java:267)
at org.testng.internal.Parameters.createParametersForMethod(Parameters.java:355)
at org.testng.internal.Parameters.createParameters(Parameters.java:693)
at org.testng.internal.Parameters.createConfigurationParameters(Parameters.java:166)
at org.testng.internal.invokers.ConfigInvoker.invokeConfigurations(ConfigInvoker.java:306)
at org.testng.internal.invokers.TestMethodWorker.invokeBeforeClassMethods(TestMethodWorker.java:180)
at org.testng.internal.invokers.TestMethodWorker.run(TestMethodWorker.java:122)
at java.base/java.util.ArrayList.forEach(ArrayList.java:1511)
at org.testng.TestRunner.privateRun(TestRunner.java:819)
at org.testng.TestRunner.run(TestRunner.java:619)
at org.testng.SuiteRunner.runTest(SuiteRunner.java:443)
at org.testng.SuiteRunner.runSequentially(SuiteRunner.java:437)
at org.testng.SuiteRunner.privateRun(SuiteRunner.java:397)
at org.testng.SuiteRunner.run(SuiteRunner.java:336)
at org.testng.SuiteRunnerWorker.runSuite(SuiteRunnerWorker.java:52)
at org.testng.SuiteRunnerWorker.run(SuiteRunnerWorker.java:95)
at org.testng.TestNG.runSuitesSequentially(TestNG.java:1301)
at org.testng.TestNG.runSuitesLocally(TestNG.java:1228)
at org.testng.TestNG.runSuites(TestNG.java:1134)
at org.testng.TestNG.run(TestNG.java:1101)
at org.testng.remote.AbstractRemoteTestNG.run(AbstractRemoteTestNG.java:115)
at org.testng.remote.RemoteTestNG.initAndRun(RemoteTestNG.java:251)
at org.testng.remote.RemoteTestNG.main(RemoteTestNG.java:77)
]]>
    </error>
  </testcase> <!-- setup -->
  <testcase classname="testCase.TC_001_doctorsList" name="location" time="0.000">
    <skipped/>
  </testcase> <!-- location -->
  <testcase classname="testCase.TC_001_doctorsList" name="filters" time="0.000">
    <skipped/>
  </testcase> <!-- filters -->
  <testcase classname="testCase.TC_001_doctorsList" name="docList" time="0.000">
    <skipped/>
  </testcase> <!-- docList -->
  <testcase classname="testCase.TC_001_doctorsList" name="printSurgery" time="0.000">
    <skipped/>
  </testcase> <!-- printSurgery -->
  <testcase classname="testCase.TC_001_doctorsList" name="validMail" time="0.000">
    <skipped/>
  </testcase> <!-- validMail -->
</testsuite> <!-- testCase.TC_001_doctorsList -->
